<?xml version="1.0" encoding="UTF-8"?>
<testng-results skipped="0" failed="0" ignored="0" total="2" passed="2">
  <reporter-output>
  </reporter-output>
  <suite name="Suite" duration-ms="44750" started-at="2022-08-25T10:40:52Z" finished-at="2022-08-25T10:41:36Z">
    <groups>
    </groups>
    <test name="Android" duration-ms="44750" started-at="2022-08-25T10:40:52Z" finished-at="2022-08-25T10:41:36Z">
      <class name="ToDo_Android">
        <test-method status="PASS" signature="test_add_task(java.lang.String, java.lang.String)[pri:0, instance:ToDo_Android@55f3ddb1]" name="test_add_task" duration-ms="23163" started-at="2022-08-25T10:40:52Z" data-provider="tasks data" finished-at="2022-08-25T10:41:15Z">
          <params>
            <param index="0">
              <value>
                <![CDATA[Finish Appium Course]]>
              </value>
            </param>
            <param index="1">
              <value>
                <![CDATA[Need to finish my course ASAP]]>
              </value>
            </param>
          </params>
          <reporter-output>
          </reporter-output>
        </test-method> <!-- test_add_task -->
        <test-method status="PASS" signature="test_add_task(java.lang.String, java.lang.String)[pri:0, instance:ToDo_Android@55f3ddb1]" name="test_add_task" duration-ms="21553" started-at="2022-08-25T10:41:15Z" data-provider="tasks data" finished-at="2022-08-25T10:41:36Z">
          <params>
            <param index="0">
              <value>
                <![CDATA[Start Learning Espresso]]>
              </value>
            </param>
            <param index="1">
              <value>
                <![CDATA[Need check the new course]]>
              </value>
            </param>
          </params>
          <reporter-output>
          </reporter-output>
        </test-method> <!-- test_add_task -->
      </class> <!-- ToDo_Android -->
    </test> <!-- Android -->
  </suite> <!-- Suite -->
</testng-results>
